[INFO ] [2022-12-04 17:55:25,285] Click to visit link here
[INFO ] [2022-12-04 17:55:30,388] Sendkey value to email textboxjosefina.dubuque@hotmail.com
[INFO ] [2022-12-04 17:55:30,935] Click to submit
[INFO ] [2022-12-04 17:55:33,981] Get UserID
[INFO ] [2022-12-04 17:55:34,110] Get Password
[INFO ] [2022-12-04 19:22:11,138] Click to visit link here
[INFO ] [2022-12-04 19:22:16,060] Sendkey value to email textboxjason.weimann@hotmail.com
[INFO ] [2022-12-04 19:22:16,654] Click to submit
[INFO ] [2022-12-04 19:22:20,258] Get UserID
[INFO ] [2022-12-04 19:22:20,393] Get Password
[INFO ] [2022-12-04 19:22:24,186] Input UserId to Login
[INFO ] [2022-12-04 19:22:24,524] Input Password to Login
[INFO ] [2022-12-04 19:22:24,840] Click to login
[INFO ] [2022-12-04 19:22:28,661] Click to add customer
[INFO ] [2022-12-04 19:22:32,276] Input name
[INFO ] [2022-12-04 19:22:32,605] Chose gender
[INFO ] [2022-12-04 19:22:32,808] Input Date of birth
[INFO ] [2022-12-04 19:22:33,163] Input address
[INFO ] [2022-12-04 19:22:33,479] Input city
[INFO ] [2022-12-04 19:22:33,844] Input state
[INFO ] [2022-12-04 19:22:34,095] Input pin
[INFO ] [2022-12-04 19:22:34,376] Input phone
[INFO ] [2022-12-04 19:22:34,687] Input email
[INFO ] [2022-12-04 19:22:35,147] Input pass
[INFO ] [2022-12-04 19:22:35,480] Click submit to create new customer
[INFO ] [2022-12-04 19:22:39,460] Click to add customer
[INFO ] [2022-12-04 19:22:42,856] Sendkey to CustomerID: 60003
[INFO ] [2022-12-04 19:22:43,144] Click to Submit button
[INFO ] [2022-12-04 19:22:46,610] Input edit infomation
[INFO ] [2022-12-04 19:22:47,120] click To SubmitEdit Button
[INFO ] [2022-12-04 19:22:48,182] click Accept Alert
[INFO ] [2022-12-04 19:22:48,204] Sendkey to CustomerID: 60003
[INFO ] [2022-12-04 19:22:50,797] Click to Submit button
[INFO ] [2022-12-04 19:22:54,458] getTextAddressLabel so sanh edit customer
[INFO ] [2022-12-04 19:22:54,664] Click to add customer
[INFO ] [2022-12-04 19:22:58,343] Sendkey to CustomerID: 60003
[INFO ] [2022-12-04 19:22:58,627] click To Submit Button
[INFO ] [2022-12-04 19:22:58,785] click To AcceptAlert
[INFO ] [2022-12-04 19:40:27,583] Click to visit link here
[INFO ] [2022-12-04 19:40:32,757] Sendkey value to email textboxlitzy.wisoky@gmail.com
[INFO ] [2022-12-04 19:40:33,265] Click to submit
[INFO ] [2022-12-04 19:40:37,196] Get UserID
[INFO ] [2022-12-04 19:40:37,329] Get Password
[INFO ] [2022-12-04 19:40:44,081] Input UserId to Login
[INFO ] [2022-12-04 19:40:44,361] Input Password to Login
[INFO ] [2022-12-04 19:40:44,608] Click to login
[INFO ] [2022-12-04 19:40:48,570] Click to add customer
[INFO ] [2022-12-04 19:40:53,606] Input name
[INFO ] [2022-12-04 19:40:53,876] Chose gender
[INFO ] [2022-12-04 19:40:54,020] Input Date of birth
[INFO ] [2022-12-04 19:40:54,273] Input address
[INFO ] [2022-12-04 19:40:54,521] Input city
[INFO ] [2022-12-04 19:40:54,779] Input state
[INFO ] [2022-12-04 19:40:55,025] Input pin
[INFO ] [2022-12-04 19:40:55,280] Input phone
[INFO ] [2022-12-04 19:40:55,547] Input email
[INFO ] [2022-12-04 19:40:55,834] Input pass
[INFO ] [2022-12-04 19:40:56,053] Click submit to create new customer
[INFO ] [2022-12-04 19:40:57,618] Get Customer ID
[INFO ] [2022-12-04 19:40:57,730] Click to edit customer
[INFO ] [2022-12-04 19:41:31,109] Input CustomerID: null
[INFO ] [2022-12-04 19:42:01,171] Click to delete customer
[INFO ] [2022-12-04 19:43:53,121] Click to add customer
[INFO ] [2022-12-04 19:45:34,637] Click to visit link here
[INFO ] [2022-12-04 19:45:38,980] Sendkey value to email textboxdomenica.kling@gmail.com
[INFO ] [2022-12-04 19:45:39,414] Click to submit
[INFO ] [2022-12-04 19:45:43,002] Get UserID
[INFO ] [2022-12-04 19:45:43,111] Get Password
[INFO ] [2022-12-04 19:45:47,094] Input UserId to Login
[INFO ] [2022-12-04 19:45:47,381] Input Password to Login
[INFO ] [2022-12-04 19:45:47,624] Click to login
[INFO ] [2022-12-04 19:45:52,335] Click to add customer
[INFO ] [2022-12-04 19:45:55,788] Input name
[INFO ] [2022-12-04 19:45:56,039] Chose gender
[INFO ] [2022-12-04 19:45:56,188] Input Date of birth
[INFO ] [2022-12-04 19:45:56,492] Input address
[INFO ] [2022-12-04 19:45:56,810] Input city
[INFO ] [2022-12-04 19:45:57,085] Input state
[INFO ] [2022-12-04 19:45:57,317] Input pin
[INFO ] [2022-12-04 19:45:57,617] Input phone
[INFO ] [2022-12-04 19:45:57,870] Input email
[INFO ] [2022-12-04 19:45:58,158] Input pass
[INFO ] [2022-12-04 19:45:58,392] Click submit to create new customer
[INFO ] [2022-12-04 19:46:02,337] Get Customer ID
[INFO ] [2022-12-04 19:46:02,443] Click to edit customer
[INFO ] [2022-12-04 19:46:05,814] Input CustomerID: 46767
[INFO ] [2022-12-04 19:46:06,074] Click to Submit button
[INFO ] [2022-12-04 19:46:09,525] Input addressEdit
[INFO ] [2022-12-04 19:46:09,966] Input phoneEdit
[INFO ] [2022-12-04 19:46:10,353] click To SubmitEdit Button
[INFO ] [2022-12-04 19:46:11,591] Click To Accept Alert
[INFO ] [2022-12-04 19:46:11,627] Input CustomerID: 46767
[INFO ] [2022-12-04 19:46:14,483] Click to Submit button
[INFO ] [2022-12-04 19:46:18,192] getTextAddressLabel so sanh edit customer
[INFO ] [2022-12-04 19:46:18,491] Click to delete customer
[INFO ] [2022-12-04 19:46:21,885] Input CustomerID To Delete: 46767
[INFO ] [2022-12-04 19:46:22,129] click To Submit Button
[INFO ] [2022-12-04 19:46:22,289] click To AcceptAlert
[INFO ] [2022-12-04 19:51:13,555] Click to visit link here
[INFO ] [2022-12-04 19:51:17,701] Sendkey value to email textboxchanel.ebert@gmail.com
[INFO ] [2022-12-04 19:51:18,200] Click to submit
[INFO ] [2022-12-04 19:51:21,207] Get UserID
[INFO ] [2022-12-04 19:51:21,328] Get Password
[INFO ] [2022-12-04 19:51:28,948] Input UserId to Login
[INFO ] [2022-12-04 19:51:29,252] Input Password to Login
[INFO ] [2022-12-04 19:51:29,501] Click to login
[INFO ] [2022-12-04 19:51:33,108] Click to add customer
[INFO ] [2022-12-04 19:51:36,319] Input name
[INFO ] [2022-12-04 19:51:36,598] Chose gender
[INFO ] [2022-12-04 19:51:36,745] Input Date of birth
[INFO ] [2022-12-04 19:51:37,002] Input address
[INFO ] [2022-12-04 19:51:37,262] Input city
[INFO ] [2022-12-04 19:51:37,511] Input state
[INFO ] [2022-12-04 19:51:37,726] Input pin
[INFO ] [2022-12-04 19:51:37,965] Input phone
[INFO ] [2022-12-04 19:51:38,218] Input email
[INFO ] [2022-12-04 19:51:38,535] Input pass
[INFO ] [2022-12-04 19:51:38,768] Click submit to create new customer
[INFO ] [2022-12-04 19:51:42,600] Get Customer ID
[INFO ] [2022-12-04 19:51:42,743] Click to edit customer
[INFO ] [2022-12-04 19:51:46,436] Input CustomerID: 39860
[INFO ] [2022-12-04 19:51:46,721] Click to Submit button
[INFO ] [2022-12-04 19:51:50,477] Input addressEdit
[INFO ] [2022-12-04 19:51:50,725] Input phoneEdit
[INFO ] [2022-12-04 19:51:50,955] click To SubmitEdit Button
[INFO ] [2022-12-04 19:51:52,065] Click To Accept Alert
[INFO ] [2022-12-04 19:51:52,097] Input CustomerID: 39860
[INFO ] [2022-12-04 19:51:54,780] Click to Submit button
[INFO ] [2022-12-04 19:51:58,504] getTextAddressLabel so sanh edit customer
[INFO ] [2022-12-04 19:51:58,707] Click to delete customer
[INFO ] [2022-12-04 19:52:02,136] Input CustomerID To Delete: 39860
[INFO ] [2022-12-04 19:52:02,386] click To Submit Button
[INFO ] [2022-12-04 19:52:02,531] click To AcceptAlert
